<?xml version="1.0" encoding="UTF-8"?>
<!-- Generated by org.testng.reporters.JUnitXMLReporter -->
<testsuite ignored="0" hostname="Rupeshs-Air.attlocal.net" failures="0" tests="3" name="Home Test" time="0.074" errors="0" timestamp="2021-01-07T00:11:10 EST">
  <testcase classname="com.testngproject.Demo_testing.Day2_TC_Home" name="Test5" time="0.01"/>
  <testcase classname="com.testngproject.Demo_testing.Day2_TC_Home" name="Test6" time="0.004"/>
  <testcase classname="com.testngproject.Demo_testing.Day2_TC_Home" name="Test7" time="0.003"/>
</testsuite> <!-- Home Test -->
