<?xml version="1.0" encoding="UTF-8"?>
<!-- Generated by org.testng.reporters.JUnitXMLReporter -->
<testsuite ignored="0" hostname="Rupeshs-Air.attlocal.net" failures="0" tests="4" name="Login Test" time="0.021" errors="0" timestamp="2021-01-07T00:11:10 EST">
  <testcase classname="com.testngproject.Demo_testing.Day2_TC_Login" name="Test1" time="0.002"/>
  <testcase classname="com.testngproject.Demo_testing.Day2_TC_Login" name="Test2" time="0.003"/>
  <testcase classname="com.testngproject.Demo_testing.Day2_TC_Login" name="Test3" time="0.002"/>
  <testcase classname="com.testngproject.Demo_testing.Day2_TC_Login" name="Test4" time="0.002"/>
</testsuite> <!-- Login Test -->
