<?xml version="1.0" encoding="UTF-8"?>
<!-- Generated by org.testng.reporters.JUnitXMLReporter -->
<testsuite ignored="0" hostname="Rupeshs-Air.attlocal.net" failures="0" tests="3" name="Tabs Test" time="0.018" errors="0" timestamp="2021-01-07T00:11:10 EST">
  <testcase classname="com.testngproject.Demo_testing.Day2_TC_Tabs" name="Test10" time="0.002"/>
  <testcase classname="com.testngproject.Demo_testing.Day2_TC_Tabs" name="Test8" time="0.002"/>
  <testcase classname="com.testngproject.Demo_testing.Day2_TC_Tabs" name="Test9" time="0.002"/>
</testsuite> <!-- Tabs Test -->
