<?xml version="1.0" encoding="UTF-8"?>
<!-- Generated by org.testng.reporters.JUnitXMLReporter -->
<testsuite hostname="Deeptis-Air.attlocal.net" ignored="0" name="Test" tests="3" failures="0" timestamp="2021-01-28T00:59:27 EST" time="0.079" errors="0">
  <testcase name="Test5" time="0.013" classname="com.testngproject.Demo_testing.Day2_TC_Home"/>
  <testcase name="Test6" time="0.0" classname="com.testngproject.Demo_testing.Day2_TC_Home"/>
  <testcase name="Test7" time="0.0" classname="com.testngproject.Demo_testing.Day2_TC_Home"/>
</testsuite> <!-- Test -->
