<?xml version="1.0" encoding="UTF-8"?>
<testng-results skipped="0" failed="0" ignored="0" total="4" passed="4">
  <reporter-output>
  </reporter-output>
  <suite name="Suite" duration-ms="95" started-at="2021-01-28T16:43:26 EST" finished-at="2021-01-28T16:43:27 EST">
    <groups>
    </groups>
    <test name="Test" duration-ms="95" started-at="2021-01-28T16:43:26 EST" finished-at="2021-01-28T16:43:27 EST">
      <class name="com.testngproject.Demo_testing.Day2_TC_Home">
        <test-method status="PASS" signature="Test5()[pri:0, instance:com.testngproject.Demo_testing.Day2_TC_Home@7823a2f9]" name="Test5" duration-ms="11" started-at="2021-01-28T16:43:27 EST" finished-at="2021-01-28T16:43:27 EST">
          <reporter-output>
          </reporter-output>
        </test-method> <!-- Test5 -->
        <test-method status="PASS" signature="Test6()[pri:0, instance:com.testngproject.Demo_testing.Day2_TC_Home@7823a2f9]" name="Test6" duration-ms="0" started-at="2021-01-28T16:43:27 EST" finished-at="2021-01-28T16:43:27 EST">
          <reporter-output>
          </reporter-output>
        </test-method> <!-- Test6 -->
        <test-method status="PASS" signature="Test7()[pri:0, instance:com.testngproject.Demo_testing.Day2_TC_Home@7823a2f9]" name="Test7" duration-ms="1" started-at="2021-01-28T16:43:27 EST" finished-at="2021-01-28T16:43:27 EST">
          <reporter-output>
          </reporter-output>
        </test-method> <!-- Test7 -->
        <test-method status="PASS" signature="Test8()[pri:0, instance:com.testngproject.Demo_testing.Day2_TC_Home@7823a2f9]" name="Test8" duration-ms="0" started-at="2021-01-28T16:43:27 EST" finished-at="2021-01-28T16:43:27 EST">
          <reporter-output>
          </reporter-output>
        </test-method> <!-- Test8 -->
      </class> <!-- com.testngproject.Demo_testing.Day2_TC_Home -->
    </test> <!-- Test -->
  </suite> <!-- Suite -->
</testng-results>
